[2024-11-04 09:51:42,936: INFO: main: welcome to custom login data science]
[2024-11-04 17:57:12,231: INFO: common: yaml file: config\config.yaml loaded successfully]
[2024-11-04 17:57:12,402: INFO: common: yaml file: params.yaml loaded successfully]
[2024-11-04 17:57:12,424: INFO: common: yaml file: schema.yaml loaded successfully]
[2024-11-04 17:57:12,438: INFO: common: created directory at: artifacts]
[2024-11-04 17:57:12,466: INFO: common: created directory at: artifacts/data_ingestion]
[2024-11-04 17:57:15,467: INFO: 251335794: artifacts/data_ingestion/data.zip download! with following info: 
Connection: close
Content-Length: 23329
Cache-Control: max-age=300
Content-Security-Policy: default-src 'none'; style-src 'unsafe-inline'; sandbox
Content-Type: application/zip
ETag: "c69888a4ae59bc5a893392785a938ccd4937981c06ba8a9d6a21aa52b4ab5b6e"
Strict-Transport-Security: max-age=31536000
X-Content-Type-Options: nosniff
X-Frame-Options: deny
X-XSS-Protection: 1; mode=block
X-GitHub-Request-Id: D46B:23095F:3096E3:3F19AC:6728BDA2
Accept-Ranges: bytes
Date: Mon, 04 Nov 2024 12:27:14 GMT
Via: 1.1 varnish
X-Served-By: cache-maa10234-MAA
X-Cache: MISS
X-Cache-Hits: 0
X-Timer: S1730723234.212925,VS0,VE301
Vary: Authorization,Accept-Encoding,Origin
Access-Control-Allow-Origin: *
Cross-Origin-Resource-Policy: cross-origin
X-Fastly-Request-ID: 1fd434c71d0b1e47036e30441b04336134c7ee85
Expires: Mon, 04 Nov 2024 12:32:14 GMT
Source-Age: 0

]
[2024-11-04 18:40:15,069: INFO: main: >>>>>> stage Data Ingestion stage started <<<<<<]
[2024-11-04 18:40:15,145: INFO: common: yaml file: config\config.yaml loaded successfully]
[2024-11-04 18:40:15,169: INFO: common: yaml file: params.yaml loaded successfully]
[2024-11-04 18:40:15,178: INFO: common: yaml file: schema.yaml loaded successfully]
[2024-11-04 18:40:15,191: INFO: common: created directory at: artifacts]
[2024-11-04 18:40:15,195: INFO: common: created directory at: artifacts/data_ingestion]
[2024-11-04 18:40:16,621: INFO: data_ingestion: artifacts/data_ingestion/data.zip download! with following info: 
Connection: close
Content-Length: 23329
Cache-Control: max-age=300
Content-Security-Policy: default-src 'none'; style-src 'unsafe-inline'; sandbox
Content-Type: application/zip
ETag: "c69888a4ae59bc5a893392785a938ccd4937981c06ba8a9d6a21aa52b4ab5b6e"
Strict-Transport-Security: max-age=31536000
X-Content-Type-Options: nosniff
X-Frame-Options: deny
X-XSS-Protection: 1; mode=block
X-GitHub-Request-Id: D46B:23095F:3096E3:3F19AC:6728BDA2
Accept-Ranges: bytes
Date: Mon, 04 Nov 2024 13:10:15 GMT
Via: 1.1 varnish
X-Served-By: cache-maa10229-MAA
X-Cache: HIT
X-Cache-Hits: 0
X-Timer: S1730725815.363811,VS0,VE356
Vary: Authorization,Accept-Encoding,Origin
Access-Control-Allow-Origin: *
Cross-Origin-Resource-Policy: cross-origin
X-Fastly-Request-ID: 8cd7d9e8b38becdd1eb3c9846fe25a3cd938e309
Expires: Mon, 04 Nov 2024 13:15:15 GMT
Source-Age: 0

]
[2024-11-04 18:40:16,871: INFO: main: >>>>>> stage Data Ingestion stage completed <<<<<<

x==========x]
